# JRE version: OpenJDK Runtime Environment (20.0.1+9) (build 20.0.1+9-29)
# Java VM: OpenJDK 64-Bit Server VM (20.0.1+9-29, mixed mode, sharing, tiered, compressed oops, compressed class ptrs, g1 gc, windows-amd64)
GC Precious Log:
 CardTable entry size: 512
 Card Set container configuration: InlinePtr #cards 5 size 8 Array Of Cards #cards 12 size 40 Howl #buckets 4 coarsen threshold 1843 Howl Bitmap #cards 512 size 80 coarsen threshold 460 Card regions per heap region 1 cards per card region 2048
 CPUs: 4 total, 4 available
 Memory: 8063M
 Large Page Support: Disabled
 NUMA Support: Disabled
 Compressed Oops: Enabled (32-bit)
 Heap Region Size: 1M
 Heap Min Capacity: 8M
 Heap Initial Capacity: 126M
 Heap Max Capacity: 1536M
 Pre-touch: Disabled
 Parallel Workers: 4
 Concurrent Workers: 1
 Concurrent Refinement Workers: 4
 Periodic GC: Disabled
Heap:
 garbage-first heap   total 264192K, used 164029K [0x00000000a0000000, 0x0000000100000000)
  region size 1024K, 65 young (66560K), 14 survivors (14336K)
 Metaspace       used 93190K, committed 95040K, reserved 1179648K
  class space    used 12661K, committed 13568K, reserved 1048576K
GC Heap History (20 events):
Event: 21.947 GC heap before
{Heap before GC invocations=45 (full 0):
 garbage-first heap   total 220160K, used 200891K [0x00000000a0000000, 0x0000000100000000)
  region size 1024K, 93 young (95232K), 6 survivors (6144K)
 Metaspace       used 92496K, committed 94336K, reserved 1179648K
  class space    used 12628K, committed 13568K, reserved 1048576K
}
Event: 21.954 GC heap after
{Heap after GC invocations=46 (full 0):
 garbage-first heap   total 264192K, used 112392K [0x00000000a0000000, 0x0000000100000000)
  region size 1024K, 7 young (7168K), 7 survivors (7168K)
 Metaspace       used 92496K, committed 94336K, reserved 1179648K
  class space    used 12628K, committed 13568K, reserved 1048576K
}
Event: 22.625 GC heap before
{Heap before GC invocations=47 (full 0):
 garbage-first heap   total 264192K, used 241416K [0x00000000a0000000, 0x0000000100000000)
  region size 1024K, 133 young (136192K), 7 survivors (7168K)
 Metaspace       used 92544K, committed 94400K, reserved 1179648K
  class space    used 12630K, committed 13568K, reserved 1048576K
}
Event: 22.633 GC heap after
{Heap after GC invocations=48 (full 0):
 garbage-first heap   total 264192K, used 111692K [0x00000000a0000000, 0x0000000100000000)
  region size 1024K, 6 young (6144K), 6 survivors (6144K)
 Metaspace       used 92544K, committed 94400K, reserved 1179648K
  class space    used 12630K, committed 13568K, reserved 1048576K
}
Event: 23.181 GC heap before
{Heap before GC invocations=48 (full 0):
 garbage-first heap   total 264192K, used 242764K [0x00000000a0000000, 0x0000000100000000)
  region size 1024K, 134 young (137216K), 6 survivors (6144K)
 Metaspace       used 92774K, committed 94592K, reserved 1179648K
  class space    used 12643K, committed 13568K, reserved 1048576K
}
Event: 23.190 GC heap after
{Heap after GC invocations=49 (full 0):
 garbage-first heap   total 264192K, used 110746K [0x00000000a0000000, 0x0000000100000000)
  region size 1024K, 7 young (7168K), 7 survivors (7168K)
 Metaspace       used 92774K, committed 94592K, reserved 1179648K
  class space    used 12643K, committed 13568K, reserved 1048576K
}
Event: 23.616 GC heap before
{Heap before GC invocations=49 (full 0):
 garbage-first heap   total 264192K, used 241818K [0x00000000a0000000, 0x0000000100000000)
  region size 1024K, 135 young (138240K), 7 survivors (7168K)
 Metaspace       used 92798K, committed 94656K, reserved 1179648K
  class space    used 12643K, committed 13568K, reserved 1048576K
}
Event: 23.622 GC heap after
{Heap after GC invocations=50 (full 0):
 garbage-first heap   total 264192K, used 110055K [0x00000000a0000000, 0x0000000100000000)
  region size 1024K, 6 young (6144K), 6 survivors (6144K)
 Metaspace       used 92798K, committed 94656K, reserved 1179648K
  class space    used 12643K, committed 13568K, reserved 1048576K
}
Event: 24.331 GC heap before
{Heap before GC invocations=51 (full 0):
 garbage-first heap   total 264192K, used 243175K [0x00000000a0000000, 0x0000000100000000)
  region size 1024K, 136 young (139264K), 6 survivors (6144K)
 Metaspace       used 92873K, committed 94720K, reserved 1179648K
  class space    used 12650K, committed 13568K, reserved 1048576K
}
Event: 24.338 GC heap after
{Heap after GC invocations=52 (full 0):
 garbage-first heap   total 264192K, used 110183K [0x00000000a0000000, 0x0000000100000000)
  region size 1024K, 6 young (6144K), 6 survivors (6144K)
 Metaspace       used 92873K, committed 94720K, reserved 1179648K
  class space    used 12650K, committed 13568K, reserved 1048576K
}
Event: 25.004 GC heap before
{Heap before GC invocations=52 (full 0):
 garbage-first heap   total 264192K, used 244327K [0x00000000a0000000, 0x0000000100000000)
  region size 1024K, 136 young (139264K), 6 survivors (6144K)
 Metaspace       used 92944K, committed 94784K, reserved 1179648K
  class space    used 12651K, committed 13568K, reserved 1048576K
}
Event: 25.012 GC heap after
{Heap after GC invocations=53 (full 0):
 garbage-first heap   total 264192K, used 107911K [0x00000000a0000000, 0x0000000100000000)
  region size 1024K, 6 young (6144K), 6 survivors (6144K)
 Metaspace       used 92944K, committed 94784K, reserved 1179648K
  class space    used 12651K, committed 13568K, reserved 1048576K
}
Event: 25.533 GC heap before
{Heap before GC invocations=53 (full 0):
 garbage-first heap   total 264192K, used 243079K [0x00000000a0000000, 0x0000000100000000)
  region size 1024K, 138 young (141312K), 6 survivors (6144K)
 Metaspace       used 92977K, committed 94848K, reserved 1179648K
  class space    used 12651K, committed 13568K, reserved 1048576K
}
Event: 25.545 GC heap after
{Heap after GC invocations=54 (full 0):
 garbage-first heap   total 264192K, used 109678K [0x00000000a0000000, 0x0000000100000000)
  region size 1024K, 8 young (8192K), 8 survivors (8192K)
 Metaspace       used 92977K, committed 94848K, reserved 1179648K
  class space    used 12651K, committed 13568K, reserved 1048576K
}
Event: 26.227 GC heap before
{Heap before GC invocations=55 (full 0):
 garbage-first heap   total 264192K, used 239726K [0x00000000a0000000, 0x0000000100000000)
  region size 1024K, 136 young (139264K), 8 survivors (8192K)
 Metaspace       used 93039K, committed 94912K, reserved 1179648K
  class space    used 12655K, committed 13568K, reserved 1048576K
}
Event: 26.235 GC heap after
{Heap after GC invocations=56 (full 0):
 garbage-first heap   total 264192K, used 109104K [0x00000000a0000000, 0x0000000100000000)
  region size 1024K, 7 young (7168K), 7 survivors (7168K)
 Metaspace       used 93039K, committed 94912K, reserved 1179648K
  class space    used 12655K, committed 13568K, reserved 1048576K
}
Event: 27.025 GC heap before
{Heap before GC invocations=56 (full 0):
 garbage-first heap   total 264192K, used 244272K [0x00000000a0000000, 0x0000000100000000)
  region size 1024K, 137 young (140288K), 7 survivors (7168K)
 Metaspace       used 93138K, committed 94976K, reserved 1179648K
  class space    used 12661K, committed 13568K, reserved 1048576K
}
Event: 27.033 GC heap after
{Heap after GC invocations=57 (full 0):
 garbage-first heap   total 264192K, used 102214K [0x00000000a0000000, 0x0000000100000000)
  region size 1024K, 4 young (4096K), 4 survivors (4096K)
 Metaspace       used 93138K, committed 94976K, reserved 1179648K
  class space    used 12661K, committed 13568K, reserved 1048576K
}
Event: 27.808 GC heap before
{Heap before GC invocations=57 (full 0):
 garbage-first heap   total 264192K, used 244550K [0x00000000a0000000, 0x0000000100000000)
  region size 1024K, 143 young (146432K), 4 survivors (4096K)
 Metaspace       used 93173K, committed 95040K, reserved 1179648K
  class space    used 12661K, committed 13568K, reserved 1048576K
}
Event: 27.825 GC heap after
{Heap after GC invocations=58 (full 0):
 garbage-first heap   total 264192K, used 112829K [0x00000000a0000000, 0x0000000100000000)
  region size 1024K, 14 young (14336K), 14 survivors (14336K)
 Metaspace       used 93173K, committed 95040K, reserved 1179648K
  class space    used 12661K, committed 13568K, reserved 1048576K
}

