# JRE version: OpenJDK Runtime Environment (11.0.12+7) (build 11.0.12+7-b1504.28-7817840)
# Java VM: OpenJDK 64-Bit Server VM (11.0.12+7-b1504.28-7817840, mixed mode, tiered, compressed oops, g1 gc, windows-amd64)
Heap:
 garbage-first heap   total 333824K, used 262688K [0x00000000a0000000, 0x0000000100000000)
  region size 1024K, 124 young (126976K), 9 survivors (9216K)
 Metaspace       used 140604K, capacity 145003K, committed 145264K, reserved 1175552K
  class space    used 17055K, capacity 18706K, committed 18712K, reserved 1048576K
GC Heap History (20 events):
Event: 4435.344 GC heap before
{Heap before GC invocations=174 (full 0):
 garbage-first heap   total 333824K, used 153927K [0x00000000a0000000, 0x0000000100000000)
  region size 1024K, 16 young (16384K), 2 survivors (2048K)
 Metaspace       used 140158K, capacity 144610K, committed 144752K, reserved 1175552K
  class space    used 17044K, capacity 18694K, committed 18712K, reserved 1048576K
}
Event: 4435.350 GC heap after
{Heap after GC invocations=175 (full 0):
 garbage-first heap   total 333824K, used 109664K [0x00000000a0000000, 0x0000000100000000)
  region size 1024K, 2 young (2048K), 2 survivors (2048K)
 Metaspace       used 140158K, capacity 144610K, committed 144752K, reserved 1175552K
  class space    used 17044K, capacity 18694K, committed 18712K, reserved 1048576K
}
Event: 4626.997 GC heap before
{Heap before GC invocations=175 (full 0):
 garbage-first heap   total 333824K, used 257120K [0x00000000a0000000, 0x0000000100000000)
  region size 1024K, 142 young (145408K), 2 survivors (2048K)
 Metaspace       used 140308K, capacity 144746K, committed 145008K, reserved 1175552K
  class space    used 17045K, capacity 18695K, committed 18712K, reserved 1048576K
}
Event: 4627.020 GC heap after
{Heap after GC invocations=176 (full 0):
 garbage-first heap   total 333824K, used 125133K [0x00000000a0000000, 0x0000000100000000)
  region size 1024K, 13 young (13312K), 13 survivors (13312K)
 Metaspace       used 140308K, capacity 144746K, committed 145008K, reserved 1175552K
  class space    used 17045K, capacity 18695K, committed 18712K, reserved 1048576K
}
Event: 4627.979 GC heap before
{Heap before GC invocations=176 (full 0):
 garbage-first heap   total 333824K, used 270541K [0x00000000a0000000, 0x0000000100000000)
  region size 1024K, 144 young (147456K), 13 survivors (13312K)
 Metaspace       used 140386K, capacity 144860K, committed 145008K, reserved 1175552K
  class space    used 17050K, capacity 18704K, committed 18712K, reserved 1048576K
}
Event: 4627.993 GC heap after
{Heap after GC invocations=177 (full 0):
 garbage-first heap   total 333824K, used 125261K [0x00000000a0000000, 0x0000000100000000)
  region size 1024K, 8 young (8192K), 8 survivors (8192K)
 Metaspace       used 140386K, capacity 144860K, committed 145008K, reserved 1175552K
  class space    used 17050K, capacity 18704K, committed 18712K, reserved 1048576K
}
Event: 4628.088 GC heap before
{Heap before GC invocations=177 (full 0):
 garbage-first heap   total 333824K, used 185677K [0x00000000a0000000, 0x0000000100000000)
  region size 1024K, 67 young (68608K), 8 survivors (8192K)
 Metaspace       used 140387K, capacity 144860K, committed 145008K, reserved 1175552K
  class space    used 17050K, capacity 18704K, committed 18712K, reserved 1048576K
}
Event: 4628.095 GC heap after
{Heap after GC invocations=178 (full 0):
 garbage-first heap   total 333824K, used 126976K [0x00000000a0000000, 0x0000000100000000)
  region size 1024K, 2 young (2048K), 2 survivors (2048K)
 Metaspace       used 140387K, capacity 144860K, committed 145008K, reserved 1175552K
  class space    used 17050K, capacity 18704K, committed 18712K, reserved 1048576K
}
Event: 4628.458 GC heap before
{Heap before GC invocations=178 (full 0):
 garbage-first heap   total 333824K, used 211968K [0x00000000a0000000, 0x0000000100000000)
  region size 1024K, 86 young (88064K), 2 survivors (2048K)
 Metaspace       used 140394K, capacity 144860K, committed 145008K, reserved 1175552K
  class space    used 17050K, capacity 18704K, committed 18712K, reserved 1048576K
}
Event: 4628.466 GC heap after
{Heap after GC invocations=179 (full 0):
 garbage-first heap   total 333824K, used 128264K [0x00000000a0000000, 0x0000000100000000)
  region size 1024K, 4 young (4096K), 4 survivors (4096K)
 Metaspace       used 140394K, capacity 144860K, committed 145008K, reserved 1175552K
  class space    used 17050K, capacity 18704K, committed 18712K, reserved 1048576K
}
Event: 4629.354 GC heap before
{Heap before GC invocations=179 (full 0):
 garbage-first heap   total 333824K, used 247048K [0x00000000a0000000, 0x0000000100000000)
  region size 1024K, 104 young (106496K), 4 survivors (4096K)
 Metaspace       used 140394K, capacity 144860K, committed 145008K, reserved 1175552K
  class space    used 17050K, capacity 18704K, committed 18712K, reserved 1048576K
}
Event: 4629.366 GC heap after
{Heap after GC invocations=180 (full 0):
 garbage-first heap   total 333824K, used 128507K [0x00000000a0000000, 0x0000000100000000)
  region size 1024K, 4 young (4096K), 4 survivors (4096K)
 Metaspace       used 140394K, capacity 144860K, committed 145008K, reserved 1175552K
  class space    used 17050K, capacity 18704K, committed 18712K, reserved 1048576K
}
Event: 4631.555 GC heap before
{Heap before GC invocations=180 (full 0):
 garbage-first heap   total 333824K, used 241147K [0x00000000a0000000, 0x0000000100000000)
  region size 1024K, 115 young (117760K), 4 survivors (4096K)
 Metaspace       used 140396K, capacity 144860K, committed 145008K, reserved 1175552K
  class space    used 17050K, capacity 18704K, committed 18712K, reserved 1048576K
}
Event: 4631.561 GC heap after
{Heap after GC invocations=181 (full 0):
 garbage-first heap   total 333824K, used 129181K [0x00000000a0000000, 0x0000000100000000)
  region size 1024K, 5 young (5120K), 5 survivors (5120K)
 Metaspace       used 140396K, capacity 144860K, committed 145008K, reserved 1175552K
  class space    used 17050K, capacity 18704K, committed 18712K, reserved 1048576K
}
Event: 5340.954 GC heap before
{Heap before GC invocations=181 (full 0):
 garbage-first heap   total 333824K, used 268445K [0x00000000a0000000, 0x0000000100000000)
  region size 1024K, 137 young (140288K), 5 survivors (5120K)
 Metaspace       used 140493K, capacity 144867K, committed 145008K, reserved 1175552K
  class space    used 17051K, capacity 18704K, committed 18712K, reserved 1048576K
}
Event: 5340.973 GC heap after
{Heap after GC invocations=182 (full 0):
 garbage-first heap   total 333824K, used 140856K [0x00000000a0000000, 0x0000000100000000)
  region size 1024K, 14 young (14336K), 14 survivors (14336K)
 Metaspace       used 140493K, capacity 144867K, committed 145008K, reserved 1175552K
  class space    used 17051K, capacity 18704K, committed 18712K, reserved 1048576K
}
Event: 5344.506 GC heap before
{Heap before GC invocations=182 (full 0):
 garbage-first heap   total 333824K, used 280120K [0x00000000a0000000, 0x0000000100000000)
  region size 1024K, 137 young (140288K), 14 survivors (14336K)
 Metaspace       used 140584K, capacity 144996K, committed 145008K, reserved 1175552K
  class space    used 17051K, capacity 18704K, committed 18712K, reserved 1048576K
}
Event: 5344.524 GC heap after
{Heap after GC invocations=183 (full 0):
 garbage-first heap   total 333824K, used 140971K [0x00000000a0000000, 0x0000000100000000)
  region size 1024K, 4 young (4096K), 4 survivors (4096K)
 Metaspace       used 140584K, capacity 144996K, committed 145008K, reserved 1175552K
  class space    used 17051K, capacity 18704K, committed 18712K, reserved 1048576K
}
Event: 5345.790 GC heap before
{Heap before GC invocations=183 (full 0):
 garbage-first heap   total 333824K, used 271019K [0x00000000a0000000, 0x0000000100000000)
  region size 1024K, 131 young (134144K), 4 survivors (4096K)
 Metaspace       used 140587K, capacity 144996K, committed 145008K, reserved 1175552K
  class space    used 17051K, capacity 18704K, committed 18712K, reserved 1048576K
}
Event: 5345.799 GC heap after
{Heap after GC invocations=184 (full 0):
 garbage-first heap   total 333824K, used 145952K [0x00000000a0000000, 0x0000000100000000)
  region size 1024K, 9 young (9216K), 9 survivors (9216K)
 Metaspace       used 140587K, capacity 144996K, committed 145008K, reserved 1175552K
  class space    used 17051K, capacity 18704K, committed 18712K, reserved 1048576K
}

