# JRE version: OpenJDK Runtime Environment (11.0.12+7) (build 11.0.12+7-b1504.28-7817840)
# Java VM: OpenJDK 64-Bit Server VM (11.0.12+7-b1504.28-7817840, mixed mode, tiered, compressed oops, g1 gc, windows-amd64)
Heap:
 garbage-first heap   total 155648K, used 125127K [0x00000000a0000000, 0x0000000100000000)
  region size 1024K, 22 young (22528K), 3 survivors (3072K)
 Metaspace       used 91425K, capacity 93841K, committed 93900K, reserved 1130496K
  class space    used 11891K, capacity 12734K, committed 12748K, reserved 1048576K
GC Heap History (20 events):
Event: 23.942 GC heap before
{Heap before GC invocations=38 (full 0):
 garbage-first heap   total 129024K, used 111743K [0x00000000a0000000, 0x0000000100000000)
  region size 1024K, 12 young (12288K), 2 survivors (2048K)
 Metaspace       used 78401K, capacity 80581K, committed 80716K, reserved 1118208K
  class space    used 10265K, capacity 11029K, committed 11084K, reserved 1048576K
}
Event: 23.946 GC heap after
{Heap after GC invocations=39 (full 0):
 garbage-first heap   total 129024K, used 102489K [0x00000000a0000000, 0x0000000100000000)
  region size 1024K, 2 young (2048K), 2 survivors (2048K)
 Metaspace       used 78401K, capacity 80581K, committed 80716K, reserved 1118208K
  class space    used 10265K, capacity 11029K, committed 11084K, reserved 1048576K
}
Event: 24.170 GC heap before
{Heap before GC invocations=40 (full 0):
 garbage-first heap   total 129024K, used 111705K [0x00000000a0000000, 0x0000000100000000)
  region size 1024K, 11 young (11264K), 2 survivors (2048K)
 Metaspace       used 78957K, capacity 81227K, committed 81356K, reserved 1120256K
  class space    used 10340K, capacity 11094K, committed 11212K, reserved 1048576K
}
Event: 24.174 GC heap after
{Heap after GC invocations=41 (full 0):
 garbage-first heap   total 129024K, used 103015K [0x00000000a0000000, 0x0000000100000000)
  region size 1024K, 1 young (1024K), 1 survivors (1024K)
 Metaspace       used 78957K, capacity 81227K, committed 81356K, reserved 1120256K
  class space    used 10340K, capacity 11094K, committed 11212K, reserved 1048576K
}
Event: 24.383 GC heap before
{Heap before GC invocations=41 (full 0):
 garbage-first heap   total 129024K, used 112231K [0x00000000a0000000, 0x0000000100000000)
  region size 1024K, 10 young (10240K), 1 survivors (1024K)
 Metaspace       used 80217K, capacity 82482K, committed 82764K, reserved 1120256K
  class space    used 10508K, capacity 11256K, committed 11340K, reserved 1048576K
}
Event: 24.385 GC heap after
{Heap after GC invocations=42 (full 0):
 garbage-first heap   total 129024K, used 103027K [0x00000000a0000000, 0x0000000100000000)
  region size 1024K, 1 young (1024K), 1 survivors (1024K)
 Metaspace       used 80217K, capacity 82482K, committed 82764K, reserved 1120256K
  class space    used 10508K, capacity 11256K, committed 11340K, reserved 1048576K
}
Event: 24.763 GC heap before
{Heap before GC invocations=43 (full 0):
 garbage-first heap   total 129024K, used 112243K [0x00000000a0000000, 0x0000000100000000)
  region size 1024K, 10 young (10240K), 1 survivors (1024K)
 Metaspace       used 82429K, capacity 84658K, committed 84684K, reserved 1122304K
  class space    used 10692K, capacity 11448K, committed 11468K, reserved 1048576K
}
Event: 24.766 GC heap after
{Heap after GC invocations=44 (full 0):
 garbage-first heap   total 129024K, used 103019K [0x00000000a0000000, 0x0000000100000000)
  region size 1024K, 1 young (1024K), 1 survivors (1024K)
 Metaspace       used 82429K, capacity 84658K, committed 84684K, reserved 1122304K
  class space    used 10692K, capacity 11448K, committed 11468K, reserved 1048576K
}
Event: 25.090 GC heap before
{Heap before GC invocations=44 (full 0):
 garbage-first heap   total 129024K, used 112235K [0x00000000a0000000, 0x0000000100000000)
  region size 1024K, 10 young (10240K), 1 survivors (1024K)
 Metaspace       used 83467K, capacity 85694K, committed 85836K, reserved 1124352K
  class space    used 10848K, capacity 11579K, committed 11596K, reserved 1048576K
}
Event: 25.098 GC heap after
{Heap after GC invocations=45 (full 0):
 garbage-first heap   total 129024K, used 103281K [0x00000000a0000000, 0x0000000100000000)
  region size 1024K, 1 young (1024K), 1 survivors (1024K)
 Metaspace       used 83467K, capacity 85694K, committed 85836K, reserved 1124352K
  class space    used 10848K, capacity 11579K, committed 11596K, reserved 1048576K
}
Event: 25.272 GC heap before
{Heap before GC invocations=45 (full 0):
 garbage-first heap   total 129024K, used 112497K [0x00000000a0000000, 0x0000000100000000)
  region size 1024K, 10 young (10240K), 1 survivors (1024K)
 Metaspace       used 84338K, capacity 86563K, committed 86860K, reserved 1124352K
  class space    used 11007K, capacity 11754K, committed 11852K, reserved 1048576K
}
Event: 25.275 GC heap after
{Heap after GC invocations=46 (full 0):
 garbage-first heap   total 129024K, used 103764K [0x00000000a0000000, 0x0000000100000000)
  region size 1024K, 2 young (2048K), 2 survivors (2048K)
 Metaspace       used 84338K, capacity 86563K, committed 86860K, reserved 1124352K
  class space    used 11007K, capacity 11754K, committed 11852K, reserved 1048576K
}
Event: 25.576 GC heap before
{Heap before GC invocations=47 (full 0):
 garbage-first heap   total 129024K, used 110932K [0x00000000a0000000, 0x0000000100000000)
  region size 1024K, 10 young (10240K), 2 survivors (2048K)
 Metaspace       used 86142K, capacity 88422K, committed 88652K, reserved 1126400K
  class space    used 11216K, capacity 11987K, committed 12108K, reserved 1048576K
}
Event: 25.580 GC heap after
{Heap after GC invocations=48 (full 0):
 garbage-first heap   total 129024K, used 104278K [0x00000000a0000000, 0x0000000100000000)
  region size 1024K, 2 young (2048K), 2 survivors (2048K)
 Metaspace       used 86142K, capacity 88422K, committed 88652K, reserved 1126400K
  class space    used 11216K, capacity 11987K, committed 12108K, reserved 1048576K
}
Event: 25.738 GC heap before
{Heap before GC invocations=48 (full 0):
 garbage-first heap   total 129024K, used 111446K [0x00000000a0000000, 0x0000000100000000)
  region size 1024K, 10 young (10240K), 2 survivors (2048K)
 Metaspace       used 86945K, capacity 89197K, committed 89420K, reserved 1126400K
  class space    used 11320K, capacity 12095K, committed 12108K, reserved 1048576K
}
Event: 25.742 GC heap after
{Heap after GC invocations=49 (full 0):
 garbage-first heap   total 129024K, used 104712K [0x00000000a0000000, 0x0000000100000000)
  region size 1024K, 2 young (2048K), 2 survivors (2048K)
 Metaspace       used 86945K, capacity 89197K, committed 89420K, reserved 1126400K
  class space    used 11320K, capacity 12095K, committed 12108K, reserved 1048576K
}
Event: 26.043 GC heap before
{Heap before GC invocations=50 (full 0):
 garbage-first heap   total 129024K, used 112904K [0x00000000a0000000, 0x0000000100000000)
  region size 1024K, 10 young (10240K), 2 survivors (2048K)
 Metaspace       used 87627K, capacity 89893K, committed 90060K, reserved 1126400K
  class space    used 11418K, capacity 12195K, committed 12236K, reserved 1048576K
}
Event: 26.049 GC heap after
{Heap after GC invocations=51 (full 0):
 garbage-first heap   total 155648K, used 105506K [0x00000000a0000000, 0x0000000100000000)
  region size 1024K, 2 young (2048K), 2 survivors (2048K)
 Metaspace       used 87627K, capacity 89893K, committed 90060K, reserved 1126400K
  class space    used 11418K, capacity 12195K, committed 12236K, reserved 1048576K
}
Event: 26.383 GC heap before
{Heap before GC invocations=51 (full 0):
 garbage-first heap   total 155648K, used 123938K [0x00000000a0000000, 0x0000000100000000)
  region size 1024K, 20 young (20480K), 2 survivors (2048K)
 Metaspace       used 89073K, capacity 91436K, committed 91596K, reserved 1128448K
  class space    used 11626K, capacity 12445K, committed 12492K, reserved 1048576K
}
Event: 26.388 GC heap after
{Heap after GC invocations=52 (full 0):
 garbage-first heap   total 155648K, used 106695K [0x00000000a0000000, 0x0000000100000000)
  region size 1024K, 3 young (3072K), 3 survivors (3072K)
 Metaspace       used 89073K, capacity 91436K, committed 91596K, reserved 1128448K
  class space    used 11626K, capacity 12445K, committed 12492K, reserved 1048576K
}

