# JRE version: OpenJDK Runtime Environment (16.0.1+9) (build 16.0.1+9-24)
# Java VM: OpenJDK 64-Bit Server VM (16.0.1+9-24, mixed mode, sharing, tiered, compressed oops, compressed class ptrs, g1 gc, windows-amd64)
GC Precious Log:
 CPUs: 4 total, 4 available
 Memory: 8063M
 Large Page Support: Disabled
 NUMA Support: Disabled
 Compressed Oops: Enabled (32-bit)
 Heap Region Size: 1M
 Heap Min Capacity: 8M
 Heap Initial Capacity: 126M
 Heap Max Capacity: 1536M
 Pre-touch: Disabled
 Parallel Workers: 4
 Concurrent Workers: 1
 Concurrent Refinement Workers: 4
 Periodic GC: Disabled
Heap:
 garbage-first heap   total 352256K, used 209867K [0x00000000a0000000, 0x0000000100000000)
  region size 1024K, 40 young (40960K), 8 survivors (8192K)
 Metaspace       used 89283K, committed 90048K, reserved 1130496K
  class space    used 12170K, committed 12544K, reserved 1048576K
GC Heap History (20 events):
Event: 11.799 GC heap before
{Heap before GC invocations=28 (full 0):
 garbage-first heap   total 235520K, used 124546K [0x00000000a0000000, 0x0000000100000000)
  region size 1024K, 11 young (11264K), 8 survivors (8192K)
 Metaspace       used 63188K, committed 63808K, reserved 1105920K
  class space    used 8473K, committed 8768K, reserved 1048576K
}
Event: 11.807 GC heap after
{Heap after GC invocations=29 (full 0):
 garbage-first heap   total 235520K, used 123147K [0x00000000a0000000, 0x0000000100000000)
  region size 1024K, 6 young (6144K), 6 survivors (6144K)
 Metaspace       used 63188K, committed 63808K, reserved 1105920K
  class space    used 8473K, committed 8768K, reserved 1048576K
}
Event: 12.795 GC heap before
{Heap before GC invocations=30 (full 0):
 garbage-first heap   total 235520K, used 194827K [0x00000000a0000000, 0x0000000100000000)
  region size 1024K, 75 young (76800K), 6 survivors (6144K)
 Metaspace       used 67229K, committed 67904K, reserved 1114112K
  class space    used 9143K, committed 9472K, reserved 1048576K
}
Event: 12.805 GC heap after
{Heap after GC invocations=31 (full 0):
 garbage-first heap   total 235520K, used 127411K [0x00000000a0000000, 0x0000000100000000)
  region size 1024K, 10 young (10240K), 10 survivors (10240K)
 Metaspace       used 67229K, committed 67904K, reserved 1114112K
  class space    used 9143K, committed 9472K, reserved 1048576K
}
Event: 13.405 GC heap before
{Heap before GC invocations=31 (full 0):
 garbage-first heap   total 235520K, used 164275K [0x00000000a0000000, 0x0000000100000000)
  region size 1024K, 47 young (48128K), 10 survivors (10240K)
 Metaspace       used 71523K, committed 72192K, reserved 1114112K
  class space    used 9784K, committed 10048K, reserved 1048576K
}
Event: 13.417 GC heap after
{Heap after GC invocations=32 (full 0):
 garbage-first heap   total 235520K, used 130156K [0x00000000a0000000, 0x0000000100000000)
  region size 1024K, 8 young (8192K), 8 survivors (8192K)
 Metaspace       used 71523K, committed 72192K, reserved 1114112K
  class space    used 9784K, committed 10048K, reserved 1048576K
}
Event: 14.431 GC heap before
{Heap before GC invocations=33 (full 0):
 garbage-first heap   total 276480K, used 221292K [0x00000000a0000000, 0x0000000100000000)
  region size 1024K, 69 young (70656K), 8 survivors (8192K)
 Metaspace       used 75875K, committed 76608K, reserved 1122304K
  class space    used 10383K, committed 10752K, reserved 1048576K
}
Event: 14.445 GC heap after
{Heap after GC invocations=34 (full 0):
 garbage-first heap   total 276480K, used 167936K [0x00000000a0000000, 0x0000000100000000)
  region size 1024K, 9 young (9216K), 9 survivors (9216K)
 Metaspace       used 75875K, committed 76608K, reserved 1122304K
  class space    used 10383K, committed 10752K, reserved 1048576K
}
Event: 14.629 GC heap before
{Heap before GC invocations=34 (full 0):
 garbage-first heap   total 276480K, used 181248K [0x00000000a0000000, 0x0000000100000000)
  region size 1024K, 24 young (24576K), 9 survivors (9216K)
 Metaspace       used 77385K, committed 78144K, reserved 1122304K
  class space    used 10572K, committed 10944K, reserved 1048576K
}
Event: 14.638 GC heap after
{Heap after GC invocations=35 (full 0):
 garbage-first heap   total 276480K, used 170877K [0x00000000a0000000, 0x0000000100000000)
  region size 1024K, 3 young (3072K), 3 survivors (3072K)
 Metaspace       used 77385K, committed 78144K, reserved 1122304K
  class space    used 10572K, committed 10944K, reserved 1048576K
}
Event: 15.783 GC heap before
{Heap before GC invocations=36 (full 0):
 garbage-first heap   total 295936K, used 229245K [0x00000000a0000000, 0x0000000100000000)
  region size 1024K, 59 young (60416K), 3 survivors (3072K)
 Metaspace       used 87644K, committed 88448K, reserved 1130496K
  class space    used 11940K, committed 12352K, reserved 1048576K
}
Event: 15.791 GC heap after
{Heap after GC invocations=37 (full 0):
 garbage-first heap   total 295936K, used 172244K [0x00000000a0000000, 0x0000000100000000)
  region size 1024K, 4 young (4096K), 4 survivors (4096K)
 Metaspace       used 87644K, committed 88448K, reserved 1130496K
  class space    used 11940K, committed 12352K, reserved 1048576K
}
Event: 17.572 GC heap before
{Heap before GC invocations=37 (full 0):
 garbage-first heap   total 295936K, used 180436K [0x00000000a0000000, 0x0000000100000000)
  region size 1024K, 14 young (14336K), 4 survivors (4096K)
 Metaspace       used 88729K, committed 89536K, reserved 1130496K
  class space    used 12130K, committed 12544K, reserved 1048576K
}
Event: 17.585 GC heap after
{Heap after GC invocations=38 (full 0):
 garbage-first heap   total 295936K, used 173141K [0x00000000a0000000, 0x0000000100000000)
  region size 1024K, 5 young (5120K), 5 survivors (5120K)
 Metaspace       used 88729K, committed 89536K, reserved 1130496K
  class space    used 12130K, committed 12544K, reserved 1048576K
}
Event: 17.843 GC heap before
{Heap before GC invocations=39 (full 0):
 garbage-first heap   total 352256K, used 244821K [0x00000000a0000000, 0x0000000100000000)
  region size 1024K, 74 young (75776K), 5 survivors (5120K)
 Metaspace       used 88806K, committed 89600K, reserved 1130496K
  class space    used 12144K, committed 12544K, reserved 1048576K
}
Event: 17.854 GC heap after
{Heap after GC invocations=40 (full 0):
 garbage-first heap   total 352256K, used 176217K [0x00000000a0000000, 0x0000000100000000)
  region size 1024K, 6 young (6144K), 6 survivors (6144K)
 Metaspace       used 88806K, committed 89600K, reserved 1130496K
  class space    used 12144K, committed 12544K, reserved 1048576K
}
Event: 18.220 GC heap before
{Heap before GC invocations=40 (full 0):
 garbage-first heap   total 352256K, used 243801K [0x00000000a0000000, 0x0000000100000000)
  region size 1024K, 73 young (74752K), 6 survivors (6144K)
 Metaspace       used 88848K, committed 89600K, reserved 1130496K
  class space    used 12149K, committed 12544K, reserved 1048576K
}
Event: 18.227 GC heap after
{Heap after GC invocations=41 (full 0):
 garbage-first heap   total 352256K, used 173061K [0x00000000a0000000, 0x0000000100000000)
  region size 1024K, 5 young (5120K), 5 survivors (5120K)
 Metaspace       used 88848K, committed 89600K, reserved 1130496K
  class space    used 12149K, committed 12544K, reserved 1048576K
}
Event: 19.079 GC heap before
{Heap before GC invocations=42 (full 0):
 garbage-first heap   total 352256K, used 284677K [0x00000000a0000000, 0x0000000100000000)
  region size 1024K, 112 young (114688K), 5 survivors (5120K)
 Metaspace       used 89281K, committed 90048K, reserved 1130496K
  class space    used 12170K, committed 12544K, reserved 1048576K
}
Event: 19.087 GC heap after
{Heap after GC invocations=43 (full 0):
 garbage-first heap   total 352256K, used 178123K [0x00000000a0000000, 0x0000000100000000)
  region size 1024K, 8 young (8192K), 8 survivors (8192K)
 Metaspace       used 89281K, committed 90048K, reserved 1130496K
  class space    used 12170K, committed 12544K, reserved 1048576K
}

