# JRE version: OpenJDK Runtime Environment (16.0.1+9) (build 16.0.1+9-24)
# Java VM: OpenJDK 64-Bit Server VM (16.0.1+9-24, mixed mode, sharing, tiered, compressed oops, compressed class ptrs, g1 gc, windows-amd64)
GC Precious Log:
 CPUs: 4 total, 4 available
 Memory: 8063M
 Large Page Support: Disabled
 NUMA Support: Disabled
 Compressed Oops: Enabled (32-bit)
 Heap Region Size: 1M
 Heap Min Capacity: 8M
 Heap Initial Capacity: 126M
 Heap Max Capacity: 1536M
 Pre-touch: Disabled
 Parallel Workers: 4
 Concurrent Workers: 1
 Concurrent Refinement Workers: 4
 Periodic GC: Disabled
Heap:
 garbage-first heap   total 332800K, used 227443K [0x00000000a0000000, 0x0000000100000000)
  region size 1024K, 57 young (58368K), 4 survivors (4096K)
 Metaspace       used 88927K, committed 89664K, reserved 1130496K
  class space    used 11873K, committed 12224K, reserved 1048576K
GC Heap History (20 events):
Event: 8.780 GC heap before
{Heap before GC invocations=26 (full 0):
 garbage-first heap   total 222208K, used 132125K [0x00000000a0000000, 0x0000000100000000)
  region size 1024K, 21 young (21504K), 6 survivors (6144K)
 Metaspace       used 57937K, committed 58560K, reserved 1105920K
  class space    used 7767K, committed 8064K, reserved 1048576K
}
Event: 8.786 GC heap after
{Heap after GC invocations=27 (full 0):
 garbage-first heap   total 222208K, used 119247K [0x00000000a0000000, 0x0000000100000000)
  region size 1024K, 6 young (6144K), 6 survivors (6144K)
 Metaspace       used 57937K, committed 58560K, reserved 1105920K
  class space    used 7767K, committed 8064K, reserved 1048576K
}
Event: 9.407 GC heap before
{Heap before GC invocations=28 (full 0):
 garbage-first heap   total 222208K, used 177615K [0x00000000a0000000, 0x0000000100000000)
  region size 1024K, 62 young (63488K), 6 survivors (6144K)
 Metaspace       used 60288K, committed 60864K, reserved 1105920K
  class space    used 8105K, committed 8384K, reserved 1048576K
}
Event: 9.414 GC heap after
{Heap after GC invocations=29 (full 0):
 garbage-first heap   total 222208K, used 123137K [0x00000000a0000000, 0x0000000100000000)
  region size 1024K, 6 young (6144K), 6 survivors (6144K)
 Metaspace       used 60288K, committed 60864K, reserved 1105920K
  class space    used 8105K, committed 8384K, reserved 1048576K
}
Event: 10.243 GC heap before
{Heap before GC invocations=29 (full 0):
 garbage-first heap   total 222208K, used 173313K [0x00000000a0000000, 0x0000000100000000)
  region size 1024K, 57 young (58368K), 6 survivors (6144K)
 Metaspace       used 66262K, committed 66880K, reserved 1114112K
  class space    used 9077K, committed 9344K, reserved 1048576K
}
Event: 10.251 GC heap after
{Heap after GC invocations=30 (full 0):
 garbage-first heap   total 222208K, used 127778K [0x00000000a0000000, 0x0000000100000000)
  region size 1024K, 8 young (8192K), 8 survivors (8192K)
 Metaspace       used 66262K, committed 66880K, reserved 1114112K
  class space    used 9077K, committed 9344K, reserved 1048576K
}
Event: 10.931 GC heap before
{Heap before GC invocations=31 (full 0):
 garbage-first heap   total 271360K, used 206626K [0x00000000a0000000, 0x0000000100000000)
  region size 1024K, 57 young (58368K), 8 survivors (8192K)
 Metaspace       used 69836K, committed 70528K, reserved 1114112K
  class space    used 9588K, committed 9920K, reserved 1048576K
}
Event: 10.942 GC heap after
{Heap after GC invocations=32 (full 0):
 garbage-first heap   total 271360K, used 165370K [0x00000000a0000000, 0x0000000100000000)
  region size 1024K, 8 young (8192K), 8 survivors (8192K)
 Metaspace       used 69836K, committed 70528K, reserved 1114112K
  class space    used 9588K, committed 9920K, reserved 1048576K
}
Event: 10.959 GC heap before
{Heap before GC invocations=32 (full 0):
 garbage-first heap   total 271360K, used 166394K [0x00000000a0000000, 0x0000000100000000)
  region size 1024K, 11 young (11264K), 8 survivors (8192K)
 Metaspace       used 70157K, committed 70848K, reserved 1114112K
  class space    used 9610K, committed 9920K, reserved 1048576K
}
Event: 10.965 GC heap after
{Heap after GC invocations=33 (full 0):
 garbage-first heap   total 271360K, used 166166K [0x00000000a0000000, 0x0000000100000000)
  region size 1024K, 1 young (1024K), 1 survivors (1024K)
 Metaspace       used 70157K, committed 70848K, reserved 1114112K
  class space    used 9610K, committed 9920K, reserved 1048576K
}
Event: 12.109 GC heap before
{Heap before GC invocations=34 (full 0):
 garbage-first heap   total 286720K, used 222486K [0x00000000a0000000, 0x0000000100000000)
  region size 1024K, 55 young (56320K), 1 survivors (1024K)
 Metaspace       used 78278K, committed 78976K, reserved 1122304K
  class space    used 10690K, committed 11008K, reserved 1048576K
}
Event: 12.115 GC heap after
{Heap after GC invocations=35 (full 0):
 garbage-first heap   total 286720K, used 168630K [0x00000000a0000000, 0x0000000100000000)
  region size 1024K, 4 young (4096K), 4 survivors (4096K)
 Metaspace       used 78278K, committed 78976K, reserved 1122304K
  class space    used 10690K, committed 11008K, reserved 1048576K
}
Event: 12.135 GC heap before
{Heap before GC invocations=35 (full 0):
 garbage-first heap   total 286720K, used 169654K [0x00000000a0000000, 0x0000000100000000)
  region size 1024K, 6 young (6144K), 4 survivors (4096K)
 Metaspace       used 78392K, committed 79040K, reserved 1122304K
  class space    used 10707K, committed 11008K, reserved 1048576K
}
Event: 12.141 GC heap after
{Heap after GC invocations=36 (full 0):
 garbage-first heap   total 286720K, used 168865K [0x00000000a0000000, 0x0000000100000000)
  region size 1024K, 4 young (4096K), 4 survivors (4096K)
 Metaspace       used 78392K, committed 79040K, reserved 1122304K
  class space    used 10707K, committed 11008K, reserved 1048576K
}
Event: 12.666 GC heap before
{Heap before GC invocations=37 (full 0):
 garbage-first heap   total 301056K, used 236449K [0x00000000a0000000, 0x0000000100000000)
  region size 1024K, 68 young (69632K), 4 survivors (4096K)
 Metaspace       used 78854K, committed 79488K, reserved 1122304K
  class space    used 10728K, committed 11008K, reserved 1048576K
}
Event: 12.672 GC heap after
{Heap after GC invocations=38 (full 0):
 garbage-first heap   total 301056K, used 173632K [0x00000000a0000000, 0x0000000100000000)
  region size 1024K, 7 young (7168K), 7 survivors (7168K)
 Metaspace       used 78854K, committed 79488K, reserved 1122304K
  class space    used 10728K, committed 11008K, reserved 1048576K
}
Event: 13.076 GC heap before
{Heap before GC invocations=38 (full 0):
 garbage-first heap   total 301056K, used 243264K [0x00000000a0000000, 0x0000000100000000)
  region size 1024K, 75 young (76800K), 7 survivors (7168K)
 Metaspace       used 78858K, committed 79488K, reserved 1122304K
  class space    used 10728K, committed 11008K, reserved 1048576K
}
Event: 13.084 GC heap after
{Heap after GC invocations=39 (full 0):
 garbage-first heap   total 301056K, used 174171K [0x00000000a0000000, 0x0000000100000000)
  region size 1024K, 4 young (4096K), 4 survivors (4096K)
 Metaspace       used 78858K, committed 79488K, reserved 1122304K
  class space    used 10728K, committed 11008K, reserved 1048576K
}
Event: 13.416 GC heap before
{Heap before GC invocations=40 (full 0):
 garbage-first heap   total 332800K, used 246875K [0x00000000a0000000, 0x0000000100000000)
  region size 1024K, 75 young (76800K), 4 survivors (4096K)
 Metaspace       used 78880K, committed 79552K, reserved 1122304K
  class space    used 10730K, committed 11072K, reserved 1048576K
}
Event: 13.419 GC heap after
{Heap after GC invocations=41 (full 0):
 garbage-first heap   total 332800K, used 174195K [0x00000000a0000000, 0x0000000100000000)
  region size 1024K, 4 young (4096K), 4 survivors (4096K)
 Metaspace       used 78880K, committed 79552K, reserved 1122304K
  class space    used 10730K, committed 11072K, reserved 1048576K
}

